#-----------------------------------------------------------
# Vivado v2016.2 (64-bit)
# SW Build 1577090 on Thu Jun  2 16:32:40 MDT 2016
# IP Build 1577682 on Fri Jun  3 12:00:54 MDT 2016
# Start of session at: Tue Oct 16 19:51:48 2018
# Process ID: 10724
# Current directory: C:/Users/zhang/Desktop/progect/gpsImode_Proj_2
# Command line: vivado.exe -gui_launcher_event rodinguilauncherevent11236 C:\Users\zhang\Desktop\progect\gpsImode_Proj_2\gpsImode_Proj.xpr
# Log file: C:/Users/zhang/Desktop/progect/gpsImode_Proj_2/vivado.log
# Journal file: C:/Users/zhang/Desktop/progect/gpsImode_Proj_2\vivado.jou
#-----------------------------------------------------------
start_gui
open_project C:/Users/zhang/Desktop/progect/gpsImode_Proj_2/gpsImode_Proj.xpr
Scanning sources...
Finished scanning sources
INFO: [IP_Flow 19-234] Refreshing IP repositories
WARNING: [IP_Flow 19-3685] Ignored loading user repository 'c:/Users/zhang/Desktop/progect/gpsImode_Proj_2/ip_repo/Status_1.0'. The path is contained within another repository.
INFO: [IP_Flow 19-1700] Loaded user IP repository 'c:/Users/zhang/Desktop/progect/gpsImode_Proj_2/ip_repo'.
INFO: [IP_Flow 19-2313] Loaded Vivado IP repository 'D:/ProgramFiles/Xilinx/Vivado/2016.2/data/ip'.
open_project: Time (s): cpu = 00:00:19 ; elapsed = 00:00:11 . Memory (MB): peak = 991.066 ; gain = 297.309
update_compile_order -fileset sources_1
open_bd_design {C:/Users/zhang/Desktop/progect/gpsImode_Proj_2/gpsImode_Proj.srcs/sources_1/bd/gpsImode/gpsImode.bd}
Adding cell -- xilinx.com:ip:processing_system7:5.5 - processing_system7_0
Adding cell -- xilinx.com:ip:axi_uartlite:2.0 - axi_uartlite_0
Adding cell -- xilinx.com:ip:proc_sys_reset:5.0 - rst_processing_system7_0_100M
Adding cell -- xilinx.com:ip:fifo_generator:13.1 - fifo_generator_0
INFO: [xilinx.com:ip:fifo_generator:13.1-5968] /fifo_generator_0Executing the post_config_ip from bd
Adding cell -- xilinx.com:ip:fifo_generator:13.1 - fifo_generator_1
INFO: [xilinx.com:ip:fifo_generator:13.1-5968] /fifo_generator_1Executing the post_config_ip from bd
Adding cell -- xilinx.com:ip:fifo_generator:13.1 - fifo_generator_2
INFO: [xilinx.com:ip:fifo_generator:13.1-5968] /fifo_generator_2Executing the post_config_ip from bd
Adding cell -- xilinx.com:ip:fifo_generator:13.1 - fifo_generator_3
INFO: [xilinx.com:ip:fifo_generator:13.1-5968] /fifo_generator_3Executing the post_config_ip from bd
Adding cell -- xilinx.com:ip:fifo_generator:13.1 - fifo_generator_4
INFO: [xilinx.com:ip:fifo_generator:13.1-5968] /fifo_generator_4Executing the post_config_ip from bd
Adding cell -- xilinx.com:ip:fifo_generator:13.1 - fifo_generator_5
INFO: [xilinx.com:ip:fifo_generator:13.1-5968] /fifo_generator_5Executing the post_config_ip from bd
Adding cell -- xilinx.com:ip:fifo_generator:13.1 - fifo_generator_6
INFO: [xilinx.com:ip:fifo_generator:13.1-5968] /fifo_generator_6Executing the post_config_ip from bd
Adding cell -- xilinx.com:ip:fifo_generator:13.1 - fifo_generator_7
INFO: [xilinx.com:ip:fifo_generator:13.1-5968] /fifo_generator_7Executing the post_config_ip from bd
Adding cell -- xilinx.com:ip:fifo_generator:13.1 - fifo_generator_8
INFO: [xilinx.com:ip:fifo_generator:13.1-5968] /fifo_generator_8Executing the post_config_ip from bd
Adding cell -- xilinx.com:ip:fifo_generator:13.1 - fifo_generator_9
INFO: [xilinx.com:ip:fifo_generator:13.1-5968] /fifo_generator_9Executing the post_config_ip from bd
Adding cell -- xilinx.com:ip:fifo_generator:13.1 - fifo_generator_10
INFO: [xilinx.com:ip:fifo_generator:13.1-5968] /fifo_generator_10Executing the post_config_ip from bd
Adding cell -- xilinx.com:ip:fifo_generator:13.1 - fifo_generator_11
INFO: [xilinx.com:ip:fifo_generator:13.1-5968] /fifo_generator_11Executing the post_config_ip from bd
Adding cell -- xilinx.com:ip:fifo_generator:13.1 - fifo_generator_12
INFO: [xilinx.com:ip:fifo_generator:13.1-5968] /fifo_generator_12Executing the post_config_ip from bd
Adding cell -- xilinx.com:ip:fifo_generator:13.1 - fifo_generator_13
INFO: [xilinx.com:ip:fifo_generator:13.1-5968] /fifo_generator_13Executing the post_config_ip from bd
Adding cell -- xilinx.com:ip:fifo_generator:13.1 - fifo_generator_14
INFO: [xilinx.com:ip:fifo_generator:13.1-5968] /fifo_generator_14Executing the post_config_ip from bd
Adding cell -- xilinx.com:ip:fifo_generator:13.1 - fifo_generator_15
INFO: [xilinx.com:ip:fifo_generator:13.1-5968] /fifo_generator_15Executing the post_config_ip from bd
Adding cell -- xilinx.com:ip:fifo_generator:13.1 - fifo_generator_16
INFO: [xilinx.com:ip:fifo_generator:13.1-5968] /fifo_generator_16Executing the post_config_ip from bd
Adding cell -- xilinx.com:ip:fifo_generator:13.1 - fifo_generator_17
INFO: [xilinx.com:ip:fifo_generator:13.1-5968] /fifo_generator_17Executing the post_config_ip from bd
Adding cell -- xilinx.com:ip:fifo_generator:13.1 - fifo_generator_18
INFO: [xilinx.com:ip:fifo_generator:13.1-5968] /fifo_generator_18Executing the post_config_ip from bd
Adding cell -- xilinx.com:ip:fifo_generator:13.1 - fifo_generator_19
INFO: [xilinx.com:ip:fifo_generator:13.1-5968] /fifo_generator_19Executing the post_config_ip from bd
Adding cell -- xilinx.com:ip:fifo_generator:13.1 - fifo_generator_20
INFO: [xilinx.com:ip:fifo_generator:13.1-5968] /fifo_generator_20Executing the post_config_ip from bd
Adding cell -- xilinx.com:ip:fifo_generator:13.1 - fifo_generator_21
INFO: [xilinx.com:ip:fifo_generator:13.1-5968] /fifo_generator_21Executing the post_config_ip from bd
Adding cell -- xilinx.com:user:myip_fifo_ctrl:1.0 - myip_fifo_ctrl_0
Adding cell -- xilinx.com:user:Status:1.0 - Status_0
Adding cell -- xilinx.com:user:myImode:1.0 - myImode_0
Adding cell -- xilinx.com:user:newGpsIp:1.0 - newGpsIp_0
Adding cell -- xilinx.com:ip:axi_crossbar:2.1 - xbar
Adding cell -- xilinx.com:ip:axi_protocol_converter:2.1 - auto_pc
Successfully read diagram <gpsImode> from BD file <C:/Users/zhang/Desktop/progect/gpsImode_Proj_2/gpsImode_Proj.srcs/sources_1/bd/gpsImode/gpsImode.bd>
open_bd_design: Time (s): cpu = 00:00:10 ; elapsed = 00:00:05 . Memory (MB): peak = 1038.430 ; gain = 47.363
ipx::edit_ip_in_project -upgrade true -name newGpsIp_v1_0_project -directory C:/Users/zhang/Desktop/progect/gpsImode_Proj_2/gpsImode_Proj.tmp/newGpsIp_v1_0_project c:/Users/zhang/Desktop/progect/gpsImode_Proj_2/ip_repo/newGpsIp_1.0/component.xml
INFO: [ProjectBase 1-489] The host OS only allows 260 characters in a normal path. The project is stored in a path with more than 80 characters. If you experience issues with IP, Block Designs, or files not being found, please consider moving the project to a location with a shorter path. Alternately consider using the OS subst command to map part of the path to a drive letter.
Current project path is 'c:/users/zhang/desktop/progect/gpsimode_proj_2/gpsimode_proj.tmp/newgpsip_v1_0_project'
INFO: [IP_Flow 19-234] Refreshing IP repositories
INFO: [IP_Flow 19-1704] No user IP repositories specified
INFO: [IP_Flow 19-2313] Loaded Vivado IP repository 'D:/ProgramFiles/Xilinx/Vivado/2016.2/data/ip'.
INFO: [IP_Flow 19-234] Refreshing IP repositories
WARNING: [IP_Flow 19-3685] Ignored loading user repository 'c:/Users/zhang/Desktop/progect/gpsImode_Proj_2/ip_repo/Status_1.0'. The path is contained within another repository.
INFO: [IP_Flow 19-1700] Loaded user IP repository 'c:/Users/zhang/Desktop/progect/gpsImode_Proj_2/ip_repo'.
INFO: [IP_Flow 19-795] Syncing license key meta-data
INFO: [IP_Flow 19-793] Syncing display name meta-data
INFO: [IP_Flow 19-798] Syncing taxonomy meta-data
update_compile_order -fileset sources_1
update_compile_order -fileset sim_1
update_compile_order -fileset sources_1
set_property top newGpsIp_v1_0_GPS_AXI [current_fileset]
update_compile_order -fileset sim_1
close_project
****** Webtalk v2016.2 (64-bit)
  **** SW Build 1577090 on Thu Jun  2 16:32:40 MDT 2016
  **** IP Build 1577682 on Fri Jun  3 12:00:54 MDT 2016
    ** Copyright 1986-2016 Xilinx, Inc. All Rights Reserved.

source c:/users/zhang/desktop/progect/gpsimode_proj_2/gpsimode_proj.tmp/newgpsip_v1_0_project/newGpsIp_v1_0_project.hw/webtalk/labtool_webtalk.tcl -notrace
INFO: [Common 17-206] Exiting Webtalk at Tue Oct 16 19:56:00 2018...
WARNING: [IP_Flow 19-4318] IP-XACT file does not exist: c:/Users/zhang/Desktop/progect/gpsImode_Proj_2/ip_repo/newGpsIp_1.0/component.xml. It will be created.
ipx::edit_ip_in_project -upgrade true -name newGpsIp_v1_0_project -directory C:/Users/zhang/Desktop/progect/gpsImode_Proj_2/gpsImode_Proj.tmp/newGpsIp_v1_0_project c:/Users/zhang/Desktop/progect/gpsImode_Proj_2/ip_repo/newGpsIp_1.0/component.xml
INFO: [ProjectBase 1-489] The host OS only allows 260 characters in a normal path. The project is stored in a path with more than 80 characters. If you experience issues with IP, Block Designs, or files not being found, please consider moving the project to a location with a shorter path. Alternately consider using the OS subst command to map part of the path to a drive letter.
Current project path is 'c:/users/zhang/desktop/progect/gpsimode_proj_2/gpsimode_proj.tmp/newgpsip_v1_0_project'
INFO: [IP_Flow 19-234] Refreshing IP repositories
INFO: [IP_Flow 19-1704] No user IP repositories specified
INFO: [IP_Flow 19-2313] Loaded Vivado IP repository 'D:/ProgramFiles/Xilinx/Vivado/2016.2/data/ip'.
INFO: [IP_Flow 19-234] Refreshing IP repositories
WARNING: [IP_Flow 19-3685] Ignored loading user repository 'c:/Users/zhang/Desktop/progect/gpsImode_Proj_2/ip_repo/Status_1.0'. The path is contained within another repository.
INFO: [IP_Flow 19-1700] Loaded user IP repository 'c:/Users/zhang/Desktop/progect/gpsImode_Proj_2/ip_repo'.
INFO: [IP_Flow 19-795] Syncing license key meta-data
INFO: [IP_Flow 19-793] Syncing display name meta-data
INFO: [IP_Flow 19-798] Syncing taxonomy meta-data
update_compile_order -fileset sources_1
update_compile_order -fileset sim_1
close_project
****** Webtalk v2016.2 (64-bit)
  **** SW Build 1577090 on Thu Jun  2 16:32:40 MDT 2016
  **** IP Build 1577682 on Fri Jun  3 12:00:54 MDT 2016
    ** Copyright 1986-2016 Xilinx, Inc. All Rights Reserved.

source c:/users/zhang/desktop/progect/gpsimode_proj_2/gpsimode_proj.tmp/newgpsip_v1_0_project/newGpsIp_v1_0_project.hw/webtalk/labtool_webtalk.tcl -notrace
INFO: [Common 17-206] Exiting Webtalk at Tue Oct 16 19:57:09 2018...
update_ip_catalog -rebuild -scan_changes
INFO: [IP_Flow 19-234] Refreshing IP repositories
WARNING: [IP_Flow 19-3685] Ignored loading user repository 'c:/Users/zhang/Desktop/progect/gpsImode_Proj_2/ip_repo/Status_1.0'. The path is contained within another repository.
INFO: [IP_Flow 19-1700] Loaded user IP repository 'c:/Users/zhang/Desktop/progect/gpsImode_Proj_2/ip_repo'.
report_ip_status -name ip_status
export_ip_user_files -of_objects [get_ips  gpsImode_newGpsIp_0_0] -no_script -reset -quiet
upgrade_ip -vlnv xilinx.com:user:newGpsIp:1.0 [get_ips  gpsImode_newGpsIp_0_0] -log ip_upgrade.log
Upgrading 'C:/Users/zhang/Desktop/progect/gpsImode_Proj_2/gpsImode_Proj.srcs/sources_1/bd/gpsImode/gpsImode.bd'
INFO: [IP_Flow 19-3422] Upgraded gpsImode_newGpsIp_0_0 (newGpsIp_v1.0 1.0) from revision 27 to revision 24
Wrote  : <C:/Users/zhang/Desktop/progect/gpsImode_Proj_2/gpsImode_Proj.srcs/sources_1/bd/gpsImode/gpsImode.bd> 
INFO: [Coretcl 2-1525] Wrote upgrade log to 'C:/Users/zhang/Desktop/progect/gpsImode_Proj_2/ip_upgrade.log'.
generate_target all [get_files  C:/Users/zhang/Desktop/progect/gpsImode_Proj_2/gpsImode_Proj.srcs/sources_1/bd/gpsImode/gpsImode.bd]
INFO: [Ipptcl 7-1463] No Compatible Board Interface found. Board Tab not created in customize GUI
INFO: [Ipptcl 7-1463] No Compatible Board Interface found. Board Tab not created in customize GUI
Verilog Output written to : C:/Users/zhang/Desktop/progect/gpsImode_Proj_2/gpsImode_Proj.srcs/sources_1/bd/gpsImode/hdl/gpsImode.v
Verilog Output written to : C:/Users/zhang/Desktop/progect/gpsImode_Proj_2/gpsImode_Proj.srcs/sources_1/bd/gpsImode/hdl/gpsImode_wrapper.v
Wrote  : <C:/Users/zhang/Desktop/progect/gpsImode_Proj_2/gpsImode_Proj.srcs/sources_1/bd/gpsImode/gpsImode.bd> 
INFO: [BD 41-1029] Generation completed for the IP Integrator block processing_system7_0 .
INFO: [BD 41-1029] Generation completed for the IP Integrator block newGpsIp_0 .
INFO: [BD 41-1029] Generation completed for the IP Integrator block axi_uartlite_0 .
INFO: [BD 41-1029] Generation completed for the IP Integrator block rst_processing_system7_0_100M .
INFO: [BD 41-1029] Generation completed for the IP Integrator block processing_system7_0_axi_periph/xbar .
INFO: [BD 41-1029] Generation completed for the IP Integrator block myImode_0 .
INFO: [BD 41-1029] Generation completed for the IP Integrator block myip_fifo_ctrl_0 .
INFO: [BD 41-1029] Generation completed for the IP Integrator block fifo_generator_0 .
INFO: [BD 41-1029] Generation completed for the IP Integrator block fifo_generator_1 .
INFO: [BD 41-1029] Generation completed for the IP Integrator block fifo_generator_2 .
INFO: [BD 41-1029] Generation completed for the IP Integrator block fifo_generator_3 .
INFO: [BD 41-1029] Generation completed for the IP Integrator block fifo_generator_4 .
INFO: [BD 41-1029] Generation completed for the IP Integrator block fifo_generator_5 .
INFO: [BD 41-1029] Generation completed for the IP Integrator block fifo_generator_6 .
INFO: [BD 41-1029] Generation completed for the IP Integrator block fifo_generator_7 .
INFO: [BD 41-1029] Generation completed for the IP Integrator block fifo_generator_8 .
INFO: [BD 41-1029] Generation completed for the IP Integrator block fifo_generator_9 .
INFO: [BD 41-1029] Generation completed for the IP Integrator block fifo_generator_10 .
INFO: [BD 41-1029] Generation completed for the IP Integrator block fifo_generator_11 .
INFO: [BD 41-1029] Generation completed for the IP Integrator block fifo_generator_12 .
INFO: [BD 41-1029] Generation completed for the IP Integrator block fifo_generator_13 .
INFO: [BD 41-1029] Generation completed for the IP Integrator block fifo_generator_14 .
INFO: [BD 41-1029] Generation completed for the IP Integrator block fifo_generator_15 .
INFO: [BD 41-1029] Generation completed for the IP Integrator block fifo_generator_16 .
INFO: [BD 41-1029] Generation completed for the IP Integrator block fifo_generator_17 .
INFO: [BD 41-1029] Generation completed for the IP Integrator block fifo_generator_18 .
INFO: [BD 41-1029] Generation completed for the IP Integrator block fifo_generator_19 .
INFO: [BD 41-1029] Generation completed for the IP Integrator block fifo_generator_20 .
INFO: [BD 41-1029] Generation completed for the IP Integrator block fifo_generator_21 .
INFO: [BD 41-1029] Generation completed for the IP Integrator block Status_0 .
INFO: [BD 41-1029] Generation completed for the IP Integrator block processing_system7_0_axi_periph/s00_couplers/auto_pc .
Exporting to file C:/Users/zhang/Desktop/progect/gpsImode_Proj_2/gpsImode_Proj.srcs/sources_1/bd/gpsImode/hw_handoff/gpsImode.hwh
Generated Block Design Tcl file C:/Users/zhang/Desktop/progect/gpsImode_Proj_2/gpsImode_Proj.srcs/sources_1/bd/gpsImode/hw_handoff/gpsImode_bd.tcl
Generated Hardware Definition File C:/Users/zhang/Desktop/progect/gpsImode_Proj_2/gpsImode_Proj.srcs/sources_1/bd/gpsImode/hdl/gpsImode.hwdef
generate_target: Time (s): cpu = 00:00:20 ; elapsed = 00:00:28 . Memory (MB): peak = 1556.848 ; gain = 173.348
export_ip_user_files -of_objects [get_files C:/Users/zhang/Desktop/progect/gpsImode_Proj_2/gpsImode_Proj.srcs/sources_1/bd/gpsImode/gpsImode.bd] -no_script -force -quiet
export_simulation -of_objects [get_files C:/Users/zhang/Desktop/progect/gpsImode_Proj_2/gpsImode_Proj.srcs/sources_1/bd/gpsImode/gpsImode.bd] -directory C:/Users/zhang/Desktop/progect/gpsImode_Proj_2/gpsImode_Proj.ip_user_files/sim_scripts -ip_user_files_dir C:/Users/zhang/Desktop/progect/gpsImode_Proj_2/gpsImode_Proj.ip_user_files -ipstatic_source_dir C:/Users/zhang/Desktop/progect/gpsImode_Proj_2/gpsImode_Proj.ip_user_files/ipstatic -force -quiet
save_bd_design
reset_run synth_1
launch_runs impl_1 -to_step write_bitstream -jobs 8
[Tue Oct 16 19:58:29 2018] Launched synth_1...
Run output will be captured here: C:/Users/zhang/Desktop/progect/gpsImode_Proj_2/gpsImode_Proj.runs/synth_1/runme.log
[Tue Oct 16 19:58:29 2018] Launched impl_1...
Run output will be captured here: C:/Users/zhang/Desktop/progect/gpsImode_Proj_2/gpsImode_Proj.runs/impl_1/runme.log
launch_sdk -workspace C:/Users/zhang/Desktop/progect/gpsImode_Proj_2/gpsImode_Proj.sdk -hwspec C:/Users/zhang/Desktop/progect/gpsImode_Proj_2/gpsImode_Proj.sdk/gpsImode_wrapper.hdf
INFO: [Vivado 12-393] Launching SDK...
INFO: [Vivado 12-417] Running xsdk -workspace C:/Users/zhang/Desktop/progect/gpsImode_Proj_2/gpsImode_Proj.sdk -hwspec C:/Users/zhang/Desktop/progect/gpsImode_Proj_2/gpsImode_Proj.sdk/gpsImode_wrapper.hdf
INFO: [Vivado 12-3157] SDK launch initiated. Please check console for any further messages.
open_hw
connect_hw_server
INFO: [Labtools 27-2285] Connecting to hw_server url TCP:localhost:3121
INFO: [Labtools 27-2222] Launching hw_server...
INFO: [Labtools 27-2221] Launch Output:

****** Xilinx hw_server v2016.2
  **** Build date : Jun  2 2016-16:57:03
    ** Copyright 1986-2016 Xilinx, Inc. All Rights Reserved.


open_hw_target
INFO: [Labtoolstcl 44-466] Opening hw_target localhost:3121/xilinx_tcf/Digilent/210248686557
set_property PROGRAM.FILE {C:/Users/zhang/Desktop/progect/gpsImode_Proj_2/gpsImode_Proj.runs/impl_1/gpsImode_wrapper.bit} [lindex [get_hw_devices] 1]
current_hw_device [lindex [get_hw_devices] 1]
refresh_hw_device -update_hw_probes false [lindex [get_hw_devices] 1]
INFO: [Labtools 27-1435] Device xc7z020 (JTAG device index = 1) is not programmed (DONE status = 0).
set_property PROBES.FILE {} [lindex [get_hw_devices] 1]
set_property PROGRAM.FILE {C:/Users/zhang/Desktop/progect/gpsImode_Proj_2/gpsImode_Proj.runs/impl_1/gpsImode_wrapper.bit} [lindex [get_hw_devices] 1]
program_hw_devices [lindex [get_hw_devices] 1]
INFO: [Labtools 27-3164] End of startup status: HIGH
refresh_hw_device [lindex [get_hw_devices] 1]
INFO: [Labtools 27-1434] Device xc7z020 (JTAG device index = 1) is programmed with a design that has no supported debug core(s) in it.
WARNING: [Labtools 27-3123] The debug hub core was not detected at User Scan Chain 1 or 3.
Resolution: 
1. Make sure the clock connected to the debug hub (dbg_hub) core is a free running clock and is active OR
2. Manually launch hw_server with -e "set xsdb-user-bscan <C_USER_SCAN_CHAIN scan_chain_number>" to detect the debug hub at User Scan Chain of 2 or 4. To determine the user scan chain setting, open the implemented design and use: get_property C_USER_SCAN_CHAIN [get_debug_cores dbg_hub].
ERROR: [Labtoolstcl 44-513] HW Target shutdown. Closing target: localhost:3121/xilinx_tcf/Digilent/210248686557
disconnect_hw_server localhost:3121
connect_hw_server
INFO: [Labtools 27-2285] Connecting to hw_server url TCP:localhost:3121
ERROR: [Labtoolstcl 44-494] There is no active target available for server at localhost.
 Targets(s) ", jsn-Zed-210248686557" may be locked by another hw_server.
disconnect_hw_server localhost:3121
connect_hw_server
INFO: [Labtools 27-2285] Connecting to hw_server url TCP:localhost:3121
ERROR: [Labtoolstcl 44-494] There is no active target available for server at localhost.
 Targets(s) ", jsn-Zed-210248686557" may be locked by another hw_server.
INFO: [Labtoolstcl 44-466] Opening hw_target localhost:3121/xilinx_tcf/Digilent/210248686557
INFO: [Labtools 27-1435] Device xc7z020 (JTAG device index = 1) is not programmed (DONE status = 0).
set_property PROBES.FILE {} [lindex [get_hw_devices] 1]
set_property PROGRAM.FILE {C:/Users/zhang/Desktop/progect/gpsImode_Proj_2/gpsImode_Proj.runs/impl_1/gpsImode_wrapper.bit} [lindex [get_hw_devices] 1]
program_hw_devices [lindex [get_hw_devices] 1]
INFO: [Labtools 27-3164] End of startup status: HIGH
refresh_hw_device [lindex [get_hw_devices] 1]
INFO: [Labtools 27-1434] Device xc7z020 (JTAG device index = 1) is programmed with a design that has no supported debug core(s) in it.
WARNING: [Labtools 27-3123] The debug hub core was not detected at User Scan Chain 1 or 3.
Resolution: 
1. Make sure the clock connected to the debug hub (dbg_hub) core is a free running clock and is active OR
2. Manually launch hw_server with -e "set xsdb-user-bscan <C_USER_SCAN_CHAIN scan_chain_number>" to detect the debug hub at User Scan Chain of 2 or 4. To determine the user scan chain setting, open the implemented design and use: get_property C_USER_SCAN_CHAIN [get_debug_cores dbg_hub].
ERROR: [Labtoolstcl 44-513] HW Target shutdown. Closing target: localhost:3121/xilinx_tcf/Digilent/210248686557
open_bd_design {C:/Users/zhang/Desktop/progect/gpsImode_Proj_2/gpsImode_Proj.srcs/sources_1/bd/gpsImode/gpsImode.bd}
ipx::edit_ip_in_project -upgrade true -name newGpsIp_v1_0_project -directory C:/Users/zhang/Desktop/progect/gpsImode_Proj_2/gpsImode_Proj.tmp/newGpsIp_v1_0_project c:/Users/zhang/Desktop/progect/gpsImode_Proj_2/ip_repo/newGpsIp_1.0/component.xml
INFO: [ProjectBase 1-489] The host OS only allows 260 characters in a normal path. The project is stored in a path with more than 80 characters. If you experience issues with IP, Block Designs, or files not being found, please consider moving the project to a location with a shorter path. Alternately consider using the OS subst command to map part of the path to a drive letter.
Current project path is 'c:/users/zhang/desktop/progect/gpsimode_proj_2/gpsimode_proj.tmp/newgpsip_v1_0_project'
INFO: [IP_Flow 19-234] Refreshing IP repositories
INFO: [IP_Flow 19-1704] No user IP repositories specified
INFO: [IP_Flow 19-2313] Loaded Vivado IP repository 'D:/ProgramFiles/Xilinx/Vivado/2016.2/data/ip'.
INFO: [IP_Flow 19-234] Refreshing IP repositories
WARNING: [IP_Flow 19-3685] Ignored loading user repository 'c:/Users/zhang/Desktop/progect/gpsImode_Proj_2/ip_repo/Status_1.0'. The path is contained within another repository.
INFO: [IP_Flow 19-1700] Loaded user IP repository 'c:/Users/zhang/Desktop/progect/gpsImode_Proj_2/ip_repo'.
INFO: [IP_Flow 19-795] Syncing license key meta-data
INFO: [IP_Flow 19-793] Syncing display name meta-data
INFO: [IP_Flow 19-798] Syncing taxonomy meta-data
update_compile_order -fileset sources_1
update_compile_order -fileset sim_1
current_project gpsImode_Proj
current_project newGpsIp_v1_0_project
ipx::merge_project_changes hdl_parameters [ipx::current_core]
set_property core_revision 25 [ipx::current_core]
ipx::create_xgui_files [ipx::current_core]
ipx::update_checksums [ipx::current_core]
ipx::save_core [ipx::current_core]
close_project -delete
****** Webtalk v2016.2 (64-bit)
  **** SW Build 1577090 on Thu Jun  2 16:32:40 MDT 2016
  **** IP Build 1577682 on Fri Jun  3 12:00:54 MDT 2016
    ** Copyright 1986-2016 Xilinx, Inc. All Rights Reserved.

source c:/users/zhang/desktop/progect/gpsimode_proj_2/gpsimode_proj.tmp/newgpsip_v1_0_project/newGpsIp_v1_0_project.hw/webtalk/labtool_webtalk.tcl -notrace
INFO: [Common 17-206] Exiting Webtalk at Wed Oct 17 10:18:07 2018...
update_ip_catalog -rebuild -repo_path c:/Users/zhang/Desktop/progect/gpsImode_Proj_2/ip_repo
INFO: [IP_Flow 19-725] Reloaded user IP repository 'c:/Users/zhang/Desktop/progect/gpsImode_Proj_2/ip_repo'
export_ip_user_files -of_objects [get_ips  gpsImode_newGpsIp_0_0] -no_script -reset -quiet
upgrade_ip -vlnv xilinx.com:user:newGpsIp:1.0 [get_ips  gpsImode_newGpsIp_0_0] -log ip_upgrade.log
Upgrading 'C:/Users/zhang/Desktop/progect/gpsImode_Proj_2/gpsImode_Proj.srcs/sources_1/bd/gpsImode/gpsImode.bd'
INFO: [IP_Flow 19-3422] Upgraded gpsImode_newGpsIp_0_0 (newGpsIp_v1.0 1.0) from revision 24 to revision 25
Wrote  : <C:/Users/zhang/Desktop/progect/gpsImode_Proj_2/gpsImode_Proj.srcs/sources_1/bd/gpsImode/gpsImode.bd> 
INFO: [Coretcl 2-1525] Wrote upgrade log to 'C:/Users/zhang/Desktop/progect/gpsImode_Proj_2/ip_upgrade.log'.
generate_target all [get_files  C:/Users/zhang/Desktop/progect/gpsImode_Proj_2/gpsImode_Proj.srcs/sources_1/bd/gpsImode/gpsImode.bd]
Verilog Output written to : C:/Users/zhang/Desktop/progect/gpsImode_Proj_2/gpsImode_Proj.srcs/sources_1/bd/gpsImode/hdl/gpsImode.v
Verilog Output written to : C:/Users/zhang/Desktop/progect/gpsImode_Proj_2/gpsImode_Proj.srcs/sources_1/bd/gpsImode/hdl/gpsImode_wrapper.v
Wrote  : <C:/Users/zhang/Desktop/progect/gpsImode_Proj_2/gpsImode_Proj.srcs/sources_1/bd/gpsImode/gpsImode.bd> 
INFO: [BD 41-1029] Generation completed for the IP Integrator block processing_system7_0 .
INFO: [BD 41-1029] Generation completed for the IP Integrator block newGpsIp_0 .
INFO: [BD 41-1029] Generation completed for the IP Integrator block axi_uartlite_0 .
INFO: [BD 41-1029] Generation completed for the IP Integrator block rst_processing_system7_0_100M .
INFO: [BD 41-1029] Generation completed for the IP Integrator block processing_system7_0_axi_periph/xbar .
INFO: [BD 41-1029] Generation completed for the IP Integrator block myImode_0 .
INFO: [BD 41-1029] Generation completed for the IP Integrator block myip_fifo_ctrl_0 .
INFO: [BD 41-1029] Generation completed for the IP Integrator block fifo_generator_0 .
INFO: [BD 41-1029] Generation completed for the IP Integrator block fifo_generator_1 .
INFO: [BD 41-1029] Generation completed for the IP Integrator block fifo_generator_2 .
INFO: [BD 41-1029] Generation completed for the IP Integrator block fifo_generator_3 .
INFO: [BD 41-1029] Generation completed for the IP Integrator block fifo_generator_4 .
INFO: [BD 41-1029] Generation completed for the IP Integrator block fifo_generator_5 .
INFO: [BD 41-1029] Generation completed for the IP Integrator block fifo_generator_6 .
INFO: [BD 41-1029] Generation completed for the IP Integrator block fifo_generator_7 .
INFO: [BD 41-1029] Generation completed for the IP Integrator block fifo_generator_8 .
INFO: [BD 41-1029] Generation completed for the IP Integrator block fifo_generator_9 .
INFO: [BD 41-1029] Generation completed for the IP Integrator block fifo_generator_10 .
INFO: [BD 41-1029] Generation completed for the IP Integrator block fifo_generator_11 .
INFO: [BD 41-1029] Generation completed for the IP Integrator block fifo_generator_12 .
INFO: [BD 41-1029] Generation completed for the IP Integrator block fifo_generator_13 .
INFO: [BD 41-1029] Generation completed for the IP Integrator block fifo_generator_14 .
INFO: [BD 41-1029] Generation completed for the IP Integrator block fifo_generator_15 .
INFO: [BD 41-1029] Generation completed for the IP Integrator block fifo_generator_16 .
INFO: [BD 41-1029] Generation completed for the IP Integrator block fifo_generator_17 .
INFO: [BD 41-1029] Generation completed for the IP Integrator block fifo_generator_18 .
INFO: [BD 41-1029] Generation completed for the IP Integrator block fifo_generator_19 .
INFO: [BD 41-1029] Generation completed for the IP Integrator block fifo_generator_20 .
INFO: [BD 41-1029] Generation completed for the IP Integrator block fifo_generator_21 .
INFO: [BD 41-1029] Generation completed for the IP Integrator block Status_0 .
INFO: [BD 41-1029] Generation completed for the IP Integrator block processing_system7_0_axi_periph/s00_couplers/auto_pc .
Exporting to file C:/Users/zhang/Desktop/progect/gpsImode_Proj_2/gpsImode_Proj.srcs/sources_1/bd/gpsImode/hw_handoff/gpsImode.hwh
Generated Block Design Tcl file C:/Users/zhang/Desktop/progect/gpsImode_Proj_2/gpsImode_Proj.srcs/sources_1/bd/gpsImode/hw_handoff/gpsImode_bd.tcl
Generated Hardware Definition File C:/Users/zhang/Desktop/progect/gpsImode_Proj_2/gpsImode_Proj.srcs/sources_1/bd/gpsImode/hdl/gpsImode.hwdef
generate_target: Time (s): cpu = 00:00:15 ; elapsed = 00:00:21 . Memory (MB): peak = 1742.734 ; gain = 35.105
export_ip_user_files -of_objects [get_files C:/Users/zhang/Desktop/progect/gpsImode_Proj_2/gpsImode_Proj.srcs/sources_1/bd/gpsImode/gpsImode.bd] -no_script -force -quiet
export_simulation -of_objects [get_files C:/Users/zhang/Desktop/progect/gpsImode_Proj_2/gpsImode_Proj.srcs/sources_1/bd/gpsImode/gpsImode.bd] -directory C:/Users/zhang/Desktop/progect/gpsImode_Proj_2/gpsImode_Proj.ip_user_files/sim_scripts -ip_user_files_dir C:/Users/zhang/Desktop/progect/gpsImode_Proj_2/gpsImode_Proj.ip_user_files -ipstatic_source_dir C:/Users/zhang/Desktop/progect/gpsImode_Proj_2/gpsImode_Proj.ip_user_files/ipstatic -force -quiet
report_ip_status -name ip_status 
save_bd_design
reset_run synth_1
launch_runs impl_1 -to_step write_bitstream -jobs 8
[Wed Oct 17 10:19:37 2018] Launched synth_1...
Run output will be captured here: C:/Users/zhang/Desktop/progect/gpsImode_Proj_2/gpsImode_Proj.runs/synth_1/runme.log
[Wed Oct 17 10:19:37 2018] Launched impl_1...
Run output will be captured here: C:/Users/zhang/Desktop/progect/gpsImode_Proj_2/gpsImode_Proj.runs/impl_1/runme.log
INFO: [Labtoolstcl 44-466] Opening hw_target localhost:3121/xilinx_tcf/Digilent/210248686557
INFO: [Labtools 27-1435] Device xc7z020 (JTAG device index = 1) is not programmed (DONE status = 0).
set_property PROBES.FILE {} [lindex [get_hw_devices] 1]
set_property PROGRAM.FILE {C:/Users/zhang/Desktop/progect/gpsImode_Proj_2/gpsImode_Proj.runs/impl_1/gpsImode_wrapper.bit} [lindex [get_hw_devices] 1]
program_hw_devices [lindex [get_hw_devices] 1]
INFO: [Labtools 27-3164] End of startup status: HIGH
refresh_hw_device [lindex [get_hw_devices] 1]
INFO: [Labtools 27-1434] Device xc7z020 (JTAG device index = 1) is programmed with a design that has no supported debug core(s) in it.
WARNING: [Labtools 27-3123] The debug hub core was not detected at User Scan Chain 1 or 3.
Resolution: 
1. Make sure the clock connected to the debug hub (dbg_hub) core is a free running clock and is active OR
2. Manually launch hw_server with -e "set xsdb-user-bscan <C_USER_SCAN_CHAIN scan_chain_number>" to detect the debug hub at User Scan Chain of 2 or 4. To determine the user scan chain setting, open the implemented design and use: get_property C_USER_SCAN_CHAIN [get_debug_cores dbg_hub].
ERROR: [Labtoolstcl 44-513] HW Target shutdown. Closing target: localhost:3121/xilinx_tcf/Digilent/210248686557
exit
INFO: [Common 17-206] Exiting Vivado at Wed Oct 17 10:44:41 2018...
